<?xml version='1.0' encoding='UTF-8'?>
<testsuite hostname="gandrews-P57V6" name="ScalaFeatureTest" tests="5" errors="0" failures="1" skipped="0" time="1.588">
                     <properties>
[...]
</properties>
                     <testcase classname="ScalaFeatureTest" name="Feature: The Index Page Scenario: should have a title welcoming them" time="0.259">
                                                 
                                               </testcase><testcase classname="ScalaFeatureTest" name="Feature: The Index Page Scenario: should contain the company name" time="0.24">
                                                 
                                               </testcase><testcase classname="ScalaFeatureTest" name="Feature: The Index Page Scenario: should have a link that takes the user the add Event page" time="0.581">
                                                 
                                               </testcase><testcase classname="ScalaFeatureTest" name="Feature: Adding events Scenario: adding an event" time="0.303">
                                                 
                                               </testcase><testcase classname="ScalaFeatureTest" name="Feature: Adding events via the url Scenario: if I use the URI to add an event" time="0.205">
                                                 <failure message="false was not equal to true" type="org.scalatest.exceptions.TestFailedException">org.scalatest.exceptions.TestFailedException: false was not equal to true
	at org.scalatest.MatchersHelper$.indicateFailure(MatchersHelper.scala:340)
	at org.scalatest.Matchers$AnyShouldWrapper.shouldBe(Matchers.scala:6864)
	at ScalaFeatureTest.$anonfun$new$9(ScalaFeatureTest.scala:75)
	at org.scalatest.OutcomeOf.outcomeOf(OutcomeOf.scala:85)
	at org.scalatest.OutcomeOf.outcomeOf$(OutcomeOf.scala:83)
	at org.scalatest.OutcomeOf$.outcomeOf(OutcomeOf.scala:104)
	at org.scalatest.Transformer.apply(Transformer.scala:22)
	at org.scalatest.Transformer.apply(Transformer.scala:20)
	at org.scalatest.FeatureSpecLike$$anon$1.apply(FeatureSpecLike.scala:236)
	at org.scalatest.TestSuite.withFixture(TestSuite.scala:196)
	at org.scalatest.TestSuite.withFixture$(TestSuite.scala:195)
	at org.scalatest.FeatureSpec.withFixture(FeatureSpec.scala:1825)
	at org.scalatest.FeatureSpecLike.invokeWithFixture$1(FeatureSpecLike.scala:234)
	at org.scalatest.FeatureSpecLike.$anonfun$runTest$1(FeatureSpecLike.scala:246)
	at org.scalatest.SuperEngine.runTestImpl(Engine.scala:289)
	at org.scalatest.FeatureSpecLike.runTest(FeatureSpecLike.scala:246)
	at org.scalatest.FeatureSpecLike.runTest$(FeatureSpecLike.scala:228)
	at org.scalatest.FeatureSpec.runTest(FeatureSpec.scala:1825)
	at org.scalatest.FeatureSpecLike.$anonfun$runTests$1(FeatureSpecLike.scala:305)
	at org.scalatest.SuperEngine.$anonfun$runTestsInBranch$1(Engine.scala:396)
	at scala.collection.immutable.List.foreach(List.scala:389)
	at org.scalatest.SuperEngine.traverseSubNodes$1(Engine.scala:384)
	at org.scalatest.SuperEngine.runTestsInBranch(Engine.scala:373)
	at org.scalatest.SuperEngine.$anonfun$runTestsInBranch$1(Engine.scala:410)
	at scala.collection.immutable.List.foreach(List.scala:389)
	at org.scalatest.SuperEngine.traverseSubNodes$1(Engine.scala:384)
	at org.scalatest.SuperEngine.runTestsInBranch(Engine.scala:379)
	at org.scalatest.SuperEngine.runTestsImpl(Engine.scala:461)
	at org.scalatest.FeatureSpecLike.runTests(FeatureSpecLike.scala:305)
	at org.scalatest.FeatureSpecLike.runTests$(FeatureSpecLike.scala:304)
	at org.scalatest.FeatureSpec.runTests(FeatureSpec.scala:1825)
	at org.scalatest.Suite.run(Suite.scala:1147)
	at org.scalatest.Suite.run$(Suite.scala:1129)
	at org.scalatest.FeatureSpec.org$scalatest$FeatureSpecLike$$super$run(FeatureSpec.scala:1825)
	at org.scalatest.FeatureSpecLike.$anonfun$run$1(FeatureSpecLike.scala:346)
	at org.scalatest.SuperEngine.runImpl(Engine.scala:521)
	at org.scalatest.FeatureSpecLike.run(FeatureSpecLike.scala:346)
	at org.scalatest.FeatureSpecLike.run$(FeatureSpecLike.scala:345)
	at org.scalatest.FeatureSpec.run(FeatureSpec.scala:1825)
	at org.scalatest.tools.Framework.org$scalatest$tools$Framework$$runSuite(Framework.scala:314)
	at org.scalatest.tools.Framework$ScalaTestTask.execute(Framework.scala:507)
	at sbt.TestRunner.runTest$1(TestFramework.scala:102)
	at sbt.TestRunner.run(TestFramework.scala:113)
	at sbt.TestFramework$$anon$2$$anonfun$$lessinit$greater$1.$anonfun$apply$1(TestFramework.scala:258)
	at sbt.TestFramework$.sbt$TestFramework$$withContextLoader(TestFramework.scala:229)
	at sbt.TestFramework$$anon$2$$anonfun$$lessinit$greater$1.apply(TestFramework.scala:258)
	at sbt.TestFramework$$anon$2$$anonfun$$lessinit$greater$1.apply(TestFramework.scala:258)
	at sbt.TestFunction.apply(TestFramework.scala:267)
	at sbt.Tests$.$anonfun$toTask$1(Tests.scala:277)
	at sbt.std.Transform$$anon$3.$anonfun$apply$2(System.scala:44)
	at sbt.std.Transform$$anon$4.work(System.scala:64)
	at sbt.Execute.$anonfun$submit$2(Execute.scala:257)
	at sbt.internal.util.ErrorHandling$.wideConvert(ErrorHandling.scala:16)
	at sbt.Execute.work(Execute.scala:266)
	at sbt.Execute.$anonfun$submit$1(Execute.scala:257)
	at sbt.ConcurrentRestrictions$$anon$4.$anonfun$submitValid$1(ConcurrentRestrictions.scala:167)
	at sbt.CompletionService$$anon$2.call(CompletionService.scala:32)
	at java.util.concurrent.FutureTask.run(FutureTask.java:266)
	at java.util.concurrent.Executors$RunnableAdapter.call(Executors.java:511)
	at java.util.concurrent.FutureTask.run(FutureTask.java:266)
	at java.util.concurrent.ThreadPoolExecutor.runWorker(ThreadPoolExecutor.java:1149)
	at java.util.concurrent.ThreadPoolExecutor$Worker.run(ThreadPoolExecutor.java:624)
	at java.lang.Thread.run(Thread.java:748)
</failure>
                                               </testcase>
                     <system-out><![CDATA[]]></system-out>
                     <system-err><![CDATA[]]></system-err>
                   </testsuite>